2025-05-21 13:35:11,329 - INFO - Connecting to database quote_copy on localhost
2025-05-21 13:35:11,390 - INFO - Database connection successful
2025-05-21 13:35:11,391 - INFO - Found 1 CSV files
2025-05-21 13:35:11,391 - INFO - Processing: C:\Users\jar\Desktop\quote\qrev.csv -> qrev
2025-05-21 13:35:11,401 - INFO - Attempting to read C:\Users\jar\Desktop\quote\qrev.csv with utf-8 encoding
2025-05-21 13:35:11,734 - WARNING - Failed to read with utf-8 encoding: 'utf-8' codec can't decode byte 0xbd in position 361: invalid start byte
2025-05-21 13:35:11,734 - INFO - Attempting to read C:\Users\jar\Desktop\quote\qrev.csv with latin1 encoding
2025-05-21 13:35:12,336 - INFO - Successfully read file with latin1 encoding
2025-05-21 13:35:14,583 - INFO -   Inserted 1000 rows (Total: 1000)
2025-05-21 13:35:14,782 - INFO -   Inserted 1000 rows (Total: 2000)
2025-05-21 13:35:14,983 - INFO -   Inserted 1000 rows (Total: 3000)
2025-05-21 13:35:15,189 - INFO -   Inserted 1000 rows (Total: 4000)
2025-05-21 13:35:15,353 - INFO -   Inserted 1000 rows (Total: 5000)
2025-05-21 13:35:15,517 - INFO -   Inserted 1000 rows (Total: 6000)
2025-05-21 13:35:15,682 - INFO -   Inserted 1000 rows (Total: 7000)
2025-05-21 13:35:15,845 - INFO -   Inserted 1000 rows (Total: 8000)
2025-05-21 13:35:16,010 - INFO -   Inserted 1000 rows (Total: 9000)
2025-05-21 13:35:16,174 - INFO -   Inserted 1000 rows (Total: 10000)
2025-05-21 13:35:16,357 - INFO -   Inserted 1000 rows (Total: 11000)
2025-05-21 13:35:16,545 - INFO -   Inserted 1000 rows (Total: 12000)
2025-05-21 13:35:16,740 - INFO -   Inserted 1000 rows (Total: 13000)
2025-05-21 13:35:16,952 - INFO -   Inserted 1000 rows (Total: 14000)
2025-05-21 13:35:17,152 - INFO -   Inserted 1000 rows (Total: 15000)
2025-05-21 13:35:17,326 - INFO -   Inserted 1000 rows (Total: 16000)
2025-05-21 13:35:17,526 - INFO -   Inserted 1000 rows (Total: 17000)
2025-05-21 13:35:17,709 - INFO -   Inserted 1000 rows (Total: 18000)
2025-05-21 13:35:17,871 - INFO -   Inserted 1000 rows (Total: 19000)
2025-05-21 13:35:18,038 - INFO -   Inserted 1000 rows (Total: 20000)
2025-05-21 13:35:18,204 - INFO -   Inserted 1000 rows (Total: 21000)
2025-05-21 13:35:18,371 - INFO -   Inserted 1000 rows (Total: 22000)
2025-05-21 13:35:18,562 - INFO -   Inserted 1000 rows (Total: 23000)
2025-05-21 13:35:18,731 - INFO -   Inserted 1000 rows (Total: 24000)
2025-05-21 13:35:18,890 - INFO -   Inserted 1000 rows (Total: 25000)
2025-05-21 13:35:19,055 - INFO -   Inserted 1000 rows (Total: 26000)
2025-05-21 13:35:19,219 - INFO -   Inserted 1000 rows (Total: 27000)
2025-05-21 13:35:19,380 - INFO -   Inserted 1000 rows (Total: 28000)
2025-05-21 13:35:19,579 - INFO -   Inserted 1000 rows (Total: 29000)
2025-05-21 13:35:19,764 - INFO -   Inserted 1000 rows (Total: 30000)
2025-05-21 13:35:19,925 - INFO -   Inserted 1000 rows (Total: 31000)
2025-05-21 13:35:20,093 - INFO -   Inserted 1000 rows (Total: 32000)
2025-05-21 13:35:20,286 - INFO -   Inserted 1000 rows (Total: 33000)
2025-05-21 13:35:20,461 - INFO -   Inserted 1000 rows (Total: 34000)
2025-05-21 13:35:20,637 - INFO -   Inserted 1000 rows (Total: 35000)
2025-05-21 13:35:20,821 - INFO -   Inserted 1000 rows (Total: 36000)
2025-05-21 13:35:20,982 - INFO -   Inserted 1000 rows (Total: 37000)
2025-05-21 13:35:21,147 - INFO -   Inserted 1000 rows (Total: 38000)
2025-05-21 13:35:21,323 - INFO -   Inserted 1000 rows (Total: 39000)
2025-05-21 13:35:21,513 - INFO -   Inserted 1000 rows (Total: 40000)
2025-05-21 13:35:21,709 - INFO -   Inserted 1000 rows (Total: 41000)
2025-05-21 13:35:21,895 - INFO -   Inserted 1000 rows (Total: 42000)
2025-05-21 13:35:22,078 - INFO -   Inserted 1000 rows (Total: 43000)
2025-05-21 13:35:22,238 - INFO -   Inserted 1000 rows (Total: 44000)
2025-05-21 13:35:22,410 - INFO -   Inserted 1000 rows (Total: 45000)
2025-05-21 13:35:22,582 - INFO -   Inserted 1000 rows (Total: 46000)
2025-05-21 13:35:22,753 - INFO -   Inserted 1000 rows (Total: 47000)
2025-05-21 13:35:22,933 - INFO -   Inserted 1000 rows (Total: 48000)
2025-05-21 13:35:23,128 - INFO -   Inserted 1000 rows (Total: 49000)
2025-05-21 13:35:23,297 - INFO -   Inserted 1000 rows (Total: 50000)
2025-05-21 13:35:23,464 - INFO -   Inserted 1000 rows (Total: 51000)
2025-05-21 13:35:23,628 - INFO -   Inserted 1000 rows (Total: 52000)
2025-05-21 13:35:23,797 - INFO -   Inserted 1000 rows (Total: 53000)
2025-05-21 13:35:23,959 - INFO -   Inserted 1000 rows (Total: 54000)
2025-05-21 13:35:24,125 - INFO -   Inserted 1000 rows (Total: 55000)
2025-05-21 13:35:24,291 - INFO -   Inserted 1000 rows (Total: 56000)
2025-05-21 13:35:24,454 - INFO -   Inserted 1000 rows (Total: 57000)
2025-05-21 13:35:24,618 - INFO -   Inserted 1000 rows (Total: 58000)
2025-05-21 13:35:24,780 - INFO -   Inserted 1000 rows (Total: 59000)
2025-05-21 13:35:24,944 - INFO -   Inserted 1000 rows (Total: 60000)
2025-05-21 13:35:25,121 - INFO -   Inserted 1000 rows (Total: 61000)
2025-05-21 13:35:25,287 - INFO -   Inserted 1000 rows (Total: 62000)
2025-05-21 13:35:25,457 - INFO -   Inserted 1000 rows (Total: 63000)
2025-05-21 13:35:25,619 - INFO -   Inserted 1000 rows (Total: 64000)
2025-05-21 13:35:25,783 - INFO -   Inserted 1000 rows (Total: 65000)
2025-05-21 13:35:25,955 - INFO -   Inserted 1000 rows (Total: 66000)
2025-05-21 13:35:26,116 - INFO -   Inserted 1000 rows (Total: 67000)
2025-05-21 13:35:26,283 - INFO -   Inserted 1000 rows (Total: 68000)
2025-05-21 13:35:26,465 - INFO -   Inserted 1000 rows (Total: 69000)
2025-05-21 13:35:26,644 - INFO -   Inserted 1000 rows (Total: 70000)
2025-05-21 13:35:26,831 - INFO -   Inserted 1000 rows (Total: 71000)
2025-05-21 13:35:27,013 - INFO -   Inserted 1000 rows (Total: 72000)
2025-05-21 13:35:27,196 - INFO -   Inserted 1000 rows (Total: 73000)
2025-05-21 13:35:27,360 - INFO -   Inserted 1000 rows (Total: 74000)
2025-05-21 13:35:27,529 - INFO -   Inserted 1000 rows (Total: 75000)
2025-05-21 13:35:27,697 - INFO -   Inserted 1000 rows (Total: 76000)
2025-05-21 13:35:27,863 - INFO -   Inserted 1000 rows (Total: 77000)
2025-05-21 13:35:28,023 - INFO -   Inserted 1000 rows (Total: 78000)
2025-05-21 13:35:28,181 - INFO -   Inserted 1000 rows (Total: 79000)
2025-05-21 13:35:28,335 - INFO -   Inserted 1000 rows (Total: 80000)
2025-05-21 13:35:28,502 - INFO -   Inserted 1000 rows (Total: 81000)
2025-05-21 13:35:28,665 - INFO -   Inserted 1000 rows (Total: 82000)
2025-05-21 13:35:28,830 - INFO -   Inserted 1000 rows (Total: 83000)
2025-05-21 13:35:28,991 - INFO -   Inserted 1000 rows (Total: 84000)
2025-05-21 13:35:29,153 - INFO -   Inserted 1000 rows (Total: 85000)
2025-05-21 13:35:29,328 - INFO -   Inserted 1000 rows (Total: 86000)
2025-05-21 13:35:29,500 - INFO -   Inserted 1000 rows (Total: 87000)
2025-05-21 13:35:29,659 - INFO -   Inserted 1000 rows (Total: 88000)
2025-05-21 13:35:29,828 - INFO -   Inserted 1000 rows (Total: 89000)
2025-05-21 13:35:29,999 - INFO -   Inserted 1000 rows (Total: 90000)
2025-05-21 13:35:30,166 - INFO -   Inserted 1000 rows (Total: 91000)
2025-05-21 13:35:30,331 - INFO -   Inserted 1000 rows (Total: 92000)
2025-05-21 13:35:30,493 - INFO -   Inserted 1000 rows (Total: 93000)
2025-05-21 13:35:30,668 - INFO -   Inserted 1000 rows (Total: 94000)
2025-05-21 13:35:30,844 - INFO -   Inserted 1000 rows (Total: 95000)
2025-05-21 13:35:31,012 - INFO -   Inserted 1000 rows (Total: 96000)
2025-05-21 13:35:31,187 - INFO -   Inserted 1000 rows (Total: 97000)
2025-05-21 13:35:31,399 - INFO -   Inserted 1000 rows (Total: 98000)
2025-05-21 13:35:31,596 - INFO -   Inserted 1000 rows (Total: 99000)
2025-05-21 13:35:31,778 - INFO -   Inserted 1000 rows (Total: 100000)
2025-05-21 13:35:31,969 - INFO -   Inserted 1000 rows (Total: 101000)
2025-05-21 13:35:32,151 - INFO -   Inserted 1000 rows (Total: 102000)
2025-05-21 13:35:32,321 - INFO -   Inserted 1000 rows (Total: 103000)
2025-05-21 13:35:32,480 - INFO -   Inserted 992 rows (Total: 103992)
2025-05-21 13:35:32,480 - INFO - Successfully imported 103992 rows into qrev
2025-05-21 13:35:32,480 - INFO - Import process completed
